android/app/build/intermediates/manifest_merge_blame_file/debug/manifest-merger-blame-debug-report.txt
1<?xml version="1.0" encoding="utf-8"?>
2<manifest xmlns:android="http://schemas.android.com/apk/res/android"
3    package="com.myawesomeproject"
4    android:versionCode="1"
5    android:versionName="1.0" >
6
7    <uses-sdk
8        android:minSdkVersion="21"
9        android:targetSdkVersion="30" />
10
11    <uses-permission android:name="android.permission.SYSTEM_ALERT_WINDOW" />
11-->src/debug/AndroidManifest.xml:5:5-77
11-->src/debug/AndroidManifest.xml:5:22-75
12    <uses-permission android:name="android.permission.INTERNET" />
12-->src/main/AndroidManifest.xml:4:5-67
12-->src/main/AndroidManifest.xml:4:22-64
13    <uses-permission android:name="android.permission.CAMERA" />
13-->src/main/AndroidManifest.xml:5:5-65
13-->src/main/AndroidManifest.xml:5:22-62
14    <uses-permission android:name="android.permission.RECORD_AUDIO" />
14-->src/main/AndroidManifest.xml:6:5-70
14-->src/main/AndroidManifest.xml:6:22-68
15    <uses-permission android:name="android.permission.READ_EXTERNAL_STORAGE" />
15-->src/main/AndroidManifest.xml:7:5-80
15-->src/main/AndroidManifest.xml:7:22-77
16    <uses-permission android:name="android.permission.WRITE_EXTERNAL_STORAGE" />
16-->src/main/AndroidManifest.xml:8:5-81
16-->src/main/AndroidManifest.xml:8:22-78
17    <uses-permission android:name="android.permission.ACCESS_MEDIA_LOCATION" />
17-->src/main/AndroidManifest.xml:9:5-80
17-->src/main/AndroidManifest.xml:9:22-77
18    <uses-permission android:name="android.permission.ACCESS_WIFI_STATE" />
18-->[com.facebook.flipper:flipper:0.99.0] AndroidManifest.xml:16:5-76
18-->[com.facebook.flipper:flipper:0.99.0] AndroidManifest.xml:16:22-73
19
20    <uses-feature
20-->[:react-native-camera] AndroidManifest.xml:11:5-13:36
21        android:name="android.hardware.camera"
21-->[:react-native-camera] AndroidManifest.xml:12:9-47
22        android:required="false" />
22-->[:react-native-camera] AndroidManifest.xml:13:9-33
23    <uses-feature
23-->[:react-native-camera] AndroidManifest.xml:14:5-16:36
24        android:name="android.hardware.camera.autofocus"
24-->[:react-native-camera] AndroidManifest.xml:15:9-57
25        android:required="false" /> <!-- Required to access Google Play Licensing -->
25-->[:react-native-camera] AndroidManifest.xml:16:9-33
26    <uses-permission android:name="com.android.vending.CHECK_LICENSE" />
26-->[:rn-fetch-blob] AndroidManifest.xml:10:5-73
26-->[:rn-fetch-blob] AndroidManifest.xml:10:22-70
27    <!--
28         Required to keep CPU alive while downloading files
29        (NOT to keep screen awake)
30    -->
31    <uses-permission android:name="android.permission.WAKE_LOCK" />
31-->[:rn-fetch-blob] AndroidManifest.xml:19:5-68
31-->[:rn-fetch-blob] AndroidManifest.xml:19:22-65
32    <!--
33         Required to poll the state of the network connection
34        and respond to changes
35    -->
36    <uses-permission android:name="android.permission.ACCESS_NETWORK_STATE" />
36-->[:rn-fetch-blob] AndroidManifest.xml:25:5-79
36-->[:rn-fetch-blob] AndroidManifest.xml:25:22-76
37
38    <application
38-->src/main/AndroidManifest.xml:12:5-31:19
39        android:name="com.myawesomeproject.MainApplication"
39-->src/main/AndroidManifest.xml:13:7-38
40        android:allowBackup="false"
40-->src/main/AndroidManifest.xml:17:7-34
41        android:appComponentFactory="androidx.core.app.CoreComponentFactory"
41-->[androidx.core:core:1.6.0] AndroidManifest.xml:24:18-86
42        android:debuggable="true"
43        android:icon="@mipmap/ic_launcher"
43-->src/main/AndroidManifest.xml:15:7-41
44        android:label="@string/app_name"
44-->src/main/AndroidManifest.xml:14:7-39
45        android:roundIcon="@mipmap/ic_launcher_round"
45-->src/main/AndroidManifest.xml:16:7-52
46        android:theme="@style/AppTheme"
46-->src/main/AndroidManifest.xml:18:7-38
47        android:usesCleartextTraffic="true" >
47-->src/debug/AndroidManifest.xml:8:9-44
48        <activity
48-->src/debug/AndroidManifest.xml:11:9-86
49            android:name="com.facebook.react.devsupport.DevSettingsActivity"
49-->src/debug/AndroidManifest.xml:11:19-83
50            android:exported="false" />
50-->[:react-native-navigation] AndroidManifest.xml:12:13-37
51        <activity
51-->src/main/AndroidManifest.xml:20:7-30:18
52            android:name="com.myawesomeproject.MainActivity"
52-->src/main/AndroidManifest.xml:21:9-37
53            android:configChanges="keyboard|keyboardHidden|orientation|screenSize|uiMode"
53-->src/main/AndroidManifest.xml:23:9-86
54            android:label="@string/app_name"
54-->src/main/AndroidManifest.xml:22:9-41
55            android:launchMode="singleTask"
55-->src/main/AndroidManifest.xml:24:9-40
56            android:windowSoftInputMode="adjustResize" >
56-->src/main/AndroidManifest.xml:25:9-51
57            <intent-filter>
57-->src/main/AndroidManifest.xml:26:9-29:25
58                <action android:name="android.intent.action.MAIN" />
58-->src/main/AndroidManifest.xml:27:13-65
58-->src/main/AndroidManifest.xml:27:21-62
59
60                <category android:name="android.intent.category.LAUNCHER" />
60-->src/main/AndroidManifest.xml:28:13-73
60-->src/main/AndroidManifest.xml:28:23-70
61            </intent-filter>
62        </activity>
63
64        <provider
64-->[:react-native-image-picker] AndroidManifest.xml:10:9-18:20
65            android:name="com.imagepicker.ImagePickerProvider"
65-->[:react-native-image-picker] AndroidManifest.xml:11:13-63
66            android:authorities="com.myawesomeproject.imagepickerprovider"
66-->[:react-native-image-picker] AndroidManifest.xml:12:13-71
67            android:exported="false"
67-->[:react-native-image-picker] AndroidManifest.xml:13:13-37
68            android:grantUriPermissions="true" >
68-->[:react-native-image-picker] AndroidManifest.xml:14:13-47
69            <meta-data
69-->[:react-native-image-picker] AndroidManifest.xml:15:13-17:70
70                android:name="android.support.FILE_PROVIDER_PATHS"
70-->[:react-native-image-picker] AndroidManifest.xml:16:17-67
71                android:resource="@xml/imagepicker_provider_paths" />
71-->[:react-native-image-picker] AndroidManifest.xml:17:17-67
72        </provider>
73        <provider
73-->[:rn-fetch-blob] AndroidManifest.xml:34:9-42:20
74            android:name="com.RNFetchBlob.Utils.FileProvider"
74-->[:rn-fetch-blob] AndroidManifest.xml:35:13-62
75            android:authorities="com.myawesomeproject.provider"
75-->[:rn-fetch-blob] AndroidManifest.xml:36:13-60
76            android:exported="false"
76-->[:rn-fetch-blob] AndroidManifest.xml:37:13-37
77            android:grantUriPermissions="true" >
77-->[:rn-fetch-blob] AndroidManifest.xml:38:13-47
78            <meta-data
78-->[:react-native-image-picker] AndroidManifest.xml:15:13-17:70
79                android:name="android.support.FILE_PROVIDER_PATHS"
79-->[:react-native-image-picker] AndroidManifest.xml:16:17-67
80                android:resource="@xml/provider_paths" />
80-->[:react-native-image-picker] AndroidManifest.xml:17:17-67
81        </provider>
82
83        <service
83-->[com.google.android.gms:play-services-mlkit-text-recognition:16.3.0] AndroidManifest.xml:9:9-15:19
84            android:name="com.google.mlkit.common.internal.MlKitComponentDiscoveryService"
84-->[com.google.android.gms:play-services-mlkit-text-recognition:16.3.0] AndroidManifest.xml:10:13-91
85            android:directBootAware="true"
85-->[com.google.mlkit:common:17.2.0] AndroidManifest.xml:17:13-43
86            android:exported="false" >
86-->[com.google.android.gms:play-services-mlkit-text-recognition:16.3.0] AndroidManifest.xml:11:13-37
87            <meta-data
87-->[com.google.android.gms:play-services-mlkit-text-recognition:16.3.0] AndroidManifest.xml:12:13-14:85
88                android:name="com.google.firebase.components:com.google.mlkit.vision.text.internal.TextRegistrar"
88-->[com.google.android.gms:play-services-mlkit-text-recognition:16.3.0] AndroidManifest.xml:13:17-114
89                android:value="com.google.firebase.components.ComponentRegistrar" />
89-->[com.google.android.gms:play-services-mlkit-text-recognition:16.3.0] AndroidManifest.xml:14:17-82
90            <meta-data
90-->[com.google.android.gms:play-services-mlkit-barcode-scanning:16.2.0] AndroidManifest.xml:12:13-14:85
91                android:name="com.google.firebase.components:com.google.mlkit.vision.barcode.internal.BarcodeRegistrar"
91-->[com.google.android.gms:play-services-mlkit-barcode-scanning:16.2.0] AndroidManifest.xml:13:17-120
92                android:value="com.google.firebase.components.ComponentRegistrar" />
92-->[com.google.android.gms:play-services-mlkit-barcode-scanning:16.2.0] AndroidManifest.xml:14:17-82
93            <meta-data
93-->[com.google.android.gms:play-services-mlkit-face-detection:16.2.0] AndroidManifest.xml:12:13-14:85
94                android:name="com.google.firebase.components:com.google.mlkit.vision.face.internal.FaceRegistrar"
94-->[com.google.android.gms:play-services-mlkit-face-detection:16.2.0] AndroidManifest.xml:13:17-114
95                android:value="com.google.firebase.components.ComponentRegistrar" />
95-->[com.google.android.gms:play-services-mlkit-face-detection:16.2.0] AndroidManifest.xml:14:17-82
96            <meta-data
96-->[com.google.mlkit:vision-common:16.5.0] AndroidManifest.xml:12:13-14:85
97                android:name="com.google.firebase.components:com.google.mlkit.vision.common.internal.VisionCommonRegistrar"
97-->[com.google.mlkit:vision-common:16.5.0] AndroidManifest.xml:13:17-124
98                android:value="com.google.firebase.components.ComponentRegistrar" />
98-->[com.google.mlkit:vision-common:16.5.0] AndroidManifest.xml:14:17-82
99            <meta-data
99-->[com.google.mlkit:common:17.2.0] AndroidManifest.xml:20:13-22:85
100                android:name="com.google.firebase.components:com.google.mlkit.common.internal.CommonComponentRegistrar"
100-->[com.google.mlkit:common:17.2.0] AndroidManifest.xml:21:17-120
101                android:value="com.google.firebase.components.ComponentRegistrar" />
101-->[com.google.mlkit:common:17.2.0] AndroidManifest.xml:22:17-82
102        </service>
103
104        <provider
104-->[com.google.mlkit:common:17.2.0] AndroidManifest.xml:9:9-13:38
105            android:name="com.google.mlkit.common.internal.MlKitInitProvider"
105-->[com.google.mlkit:common:17.2.0] AndroidManifest.xml:10:13-78
106            android:authorities="com.myawesomeproject.mlkitinitprovider"
106-->[com.google.mlkit:common:17.2.0] AndroidManifest.xml:11:13-69
107            android:exported="false"
107-->[com.google.mlkit:common:17.2.0] AndroidManifest.xml:12:13-37
108            android:initOrder="99" />
108-->[com.google.mlkit:common:17.2.0] AndroidManifest.xml:13:13-35
109
110        <service
110-->[com.google.android.datatransport:transport-backend-cct:2.3.3] AndroidManifest.xml:29:9-35:19
111            android:name="com.google.android.datatransport.runtime.backends.TransportBackendDiscovery"
111-->[com.google.android.datatransport:transport-backend-cct:2.3.3] AndroidManifest.xml:30:13-103
112            android:exported="false" >
112-->[com.google.android.datatransport:transport-backend-cct:2.3.3] AndroidManifest.xml:31:13-37
113            <meta-data
113-->[com.google.android.datatransport:transport-backend-cct:2.3.3] AndroidManifest.xml:32:13-34:39
114                android:name="backend:com.google.android.datatransport.cct.CctBackendFactory"
114-->[com.google.android.datatransport:transport-backend-cct:2.3.3] AndroidManifest.xml:33:17-94
115                android:value="cct" />
115-->[com.google.android.datatransport:transport-backend-cct:2.3.3] AndroidManifest.xml:34:17-36
116        </service>
117        <service
117-->[com.google.android.datatransport:transport-runtime:2.2.6] AndroidManifest.xml:26:9-30:19
118            android:name="com.google.android.datatransport.runtime.scheduling.jobscheduling.JobInfoSchedulerService"
118-->[com.google.android.datatransport:transport-runtime:2.2.6] AndroidManifest.xml:27:13-117
119            android:exported="false"
119-->[com.google.android.datatransport:transport-runtime:2.2.6] AndroidManifest.xml:28:13-37
120            android:permission="android.permission.BIND_JOB_SERVICE" >
120-->[com.google.android.datatransport:transport-runtime:2.2.6] AndroidManifest.xml:29:13-69
121        </service>
122
123        <receiver
123-->[com.google.android.datatransport:transport-runtime:2.2.6] AndroidManifest.xml:32:9-34:40
124            android:name="com.google.android.datatransport.runtime.scheduling.jobscheduling.AlarmManagerSchedulerBroadcastReceiver"
124-->[com.google.android.datatransport:transport-runtime:2.2.6] AndroidManifest.xml:33:13-132
125            android:exported="false" />
125-->[com.google.android.datatransport:transport-runtime:2.2.6] AndroidManifest.xml:34:13-37
126
127        <activity
127-->[com.google.android.gms:play-services-base:17.6.0] AndroidManifest.xml:23:9-26:75
128            android:name="com.google.android.gms.common.api.GoogleApiActivity"
128-->[com.google.android.gms:play-services-base:17.6.0] AndroidManifest.xml:24:13-79
129            android:exported="false"
129-->[com.google.android.gms:play-services-base:17.6.0] AndroidManifest.xml:25:13-37
130            android:theme="@android:style/Theme.Translucent.NoTitleBar" />
130-->[com.google.android.gms:play-services-base:17.6.0] AndroidManifest.xml:26:13-72
131
132        <meta-data
132-->[com.google.android.gms:play-services-basement:17.6.0] AndroidManifest.xml:23:9-25:69
133            android:name="com.google.android.gms.version"
133-->[com.google.android.gms:play-services-basement:17.6.0] AndroidManifest.xml:24:13-58
134            android:value="@integer/google_play_services_version" />
134-->[com.google.android.gms:play-services-basement:17.6.0] AndroidManifest.xml:25:13-66
135    </application>
136
137</manifest>